2026-07-15 13:36:20,018 WARNING gateway.run: kanban notifier tick failed: no such table: kanban_notify_subs
2026-07-15 13:36:25,031 WARNING gateway.run: kanban notifier tick failed: no such table: kanban_notify_subs
2026-07-15 13:36:30,041 WARNING gateway.run: kanban notifier tick failed: no such table: kanban_notify_subs
2026-07-15 13:36:32,509 ERROR gateway.run: kanban dispatcher: tick failed on board default
Traceback (most recent call last):
  File "/home/hermes/.hermes/hermes-agent/gateway/kanban_watchers.py", line 915, in _tick_once_for_board
    return _kb.dispatch_once(
           ^^^^^^^^^^^^^^^^^^
  File "/home/hermes/.hermes/hermes-agent/hermes_cli/kanban_db.py", line 6607, in dispatch_once
    return _dispatch_once_locked(
           ^^^^^^^^^^^^^^^^^^^^^^
  File "/home/hermes/.hermes/hermes-agent/hermes_cli/kanban_db.py", line 6669, in _dispatch_once_locked
    result.reclaimed = release_stale_claims(conn)
                       ^^^^^^^^^^^^^^^^^^^^^^^^^^
  File "/home/hermes/.hermes/hermes-agent/hermes_cli/kanban_db.py", line 3422, in release_stale_claims
    stale = conn.execute(
            ^^^^^^^^^^^^^
sqlite3.OperationalError: no such table: tasks
2026-07-15 13:36:35,051 WARNING gateway.run: kanban notifier tick failed: no such table: kanban_notify_subs
2026-07-15 13:36:40,063 WARNING gateway.run: kanban notifier tick failed: no such table: kanban_notify_subs
2026-07-15 13:36:45,075 WARNING gateway.run: kanban notifier tick failed: no such table: kanban_notify_subs
2026-07-15 13:36:50,086 WARNING gateway.run: kanban notifier tick failed: no such table: kanban_notify_subs
2026-07-15 13:36:55,098 WARNING gateway.run: kanban notifier tick failed: no such table: kanban_notify_subs
2026-07-15 13:37:00,109 WARNING gateway.run: kanban notifier tick failed: no such table: kanban_notify_subs
2026-07-15 13:37:05,122 WARNING gateway.run: kanban notifier tick failed: no such table: kanban_notify_subs
2026-07-15 13:37:10,133 WARNING gateway.run: kanban notifier tick failed: no such table: kanban_notify_subs
2026-07-15 13:37:15,145 WARNING gateway.run: kanban notifier tick failed: no such table: kanban_notify_subs
2026-07-15 13:37:20,157 WARNING gateway.run: kanban notifier tick failed: no such table: kanban_notify_subs
2026-07-15 13:37:25,168 WARNING gateway.run: kanban notifier tick failed: no such table: kanban_notify_subs
2026-07-15 13:37:30,178 WARNING gateway.run: kanban notifier tick failed: no such table: kanban_notify_subs
2026-07-15 13:37:32,584 ERROR gateway.run: kanban dispatcher: tick failed on board default
Traceback (most recent call last):
  File "/home/hermes/.hermes/hermes-agent/gateway/kanban_watchers.py", line 915, in _tick_once_for_board
    return _kb.dispatch_once(
           ^^^^^^^^^^^^^^^^^^
  File "/home/hermes/.hermes/hermes-agent/hermes_cli/kanban_db.py", line 6607, in dispatch_once
    return _dispatch_once_locked(
           ^^^^^^^^^^^^^^^^^^^^^^
  File "/home/hermes/.hermes/hermes-agent/hermes_cli/kanban_db.py", line 6669, in _dispatch_once_locked
    result.reclaimed = release_stale_claims(conn)
                       ^^^^^^^^^^^^^^^^^^^^^^^^^^
  File "/home/hermes/.hermes/hermes-agent/hermes_cli/kanban_db.py", line 3422, in release_stale_claims
    stale = conn.execute(
            ^^^^^^^^^^^^^
sqlite3.OperationalError: no such table: tasks
2026-07-15 13:37:35,189 WARNING gateway.run: kanban notifier tick failed: no such table: kanban_notify_subs
2026-07-15 13:37:40,201 WARNING gateway.run: kanban notifier tick failed: no such table: kanban_notify_subs
2026-07-15 13:37:45,214 WARNING gateway.run: kanban notifier tick failed: no such table: kanban_notify_subs
2026-07-15 13:37:50,227 WARNING gateway.run: kanban notifier tick failed: no such table: kanban_notify_subs
2026-07-15 13:37:55,239 WARNING gateway.run: kanban notifier tick failed: no such table: kanban_notify_subs
2026-07-15 13:37:59,807 WARNING gateway.channel_directory: Channel directory: failed to list Slack channels for team T07NCFCNCV6: The request to the Slack API failed. (url: https://slack.com/api/users.conversations, status: 200)
The server responded with: {'ok': False, 'error': 'missing_scope', 'needed': 'groups:read', 'provided': 'chat:write,chat:write.public,im:write,channels:read,reactions:read,users:read,files:write'}
2026-07-15 13:38:00,250 WARNING gateway.run: kanban notifier tick failed: no such table: kanban_notify_subs
2026-07-15 13:38:05,261 WARNING gateway.run: kanban notifier tick failed: no such table: kanban_notify_subs
2026-07-15 13:38:10,273 WARNING gateway.run: kanban notifier tick failed: no such table: kanban_notify_subs
2026-07-15 13:38:15,284 WARNING gateway.run: kanban notifier tick failed: no such table: kanban_notify_subs
2026-07-15 13:38:20,297 WARNING gateway.run: kanban notifier tick failed: no such table: kanban_notify_subs
2026-07-15 13:38:25,309 WARNING gateway.run: kanban notifier tick failed: no such table: kanban_notify_subs
2026-07-15 13:38:30,321 WARNING gateway.run: kanban notifier tick failed: no such table: kanban_notify_subs
2026-07-15 13:38:32,656 ERROR gateway.run: kanban dispatcher: tick failed on board default
Traceback (most recent call last):
  File "/home/hermes/.hermes/hermes-agent/gateway/kanban_watchers.py", line 915, in _tick_once_for_board
    return _kb.dispatch_once(
           ^^^^^^^^^^^^^^^^^^
  File "/home/hermes/.hermes/hermes-agent/hermes_cli/kanban_db.py", line 6607, in dispatch_once
    return _dispatch_once_locked(
           ^^^^^^^^^^^^^^^^^^^^^^
  File "/home/hermes/.hermes/hermes-agent/hermes_cli/kanban_db.py", line 6669, in _dispatch_once_locked
    result.reclaimed = release_stale_claims(conn)
                       ^^^^^^^^^^^^^^^^^^^^^^^^^^
  File "/home/hermes/.hermes/hermes-agent/hermes_cli/kanban_db.py", line 3422, in release_stale_claims
    stale = conn.execute(
            ^^^^^^^^^^^^^
sqlite3.OperationalError: no such table: tasks
2026-07-15 13:38:35,332 WARNING gateway.run: kanban notifier tick failed: no such table: kanban_notify_subs
2026-07-15 13:38:40,342 WARNING gateway.run: kanban notifier tick failed: no such table: kanban_notify_subs
2026-07-15 13:38:45,354 WARNING gateway.run: kanban notifier tick failed: no such table: kanban_notify_subs
2026-07-15 13:38:50,364 WARNING gateway.run: kanban notifier tick failed: no such table: kanban_notify_subs
2026-07-15 13:38:55,375 WARNING gateway.run: kanban notifier tick failed: no such table: kanban_notify_subs
2026-07-15 13:39:00,387 WARNING gateway.run: kanban notifier tick failed: no such table: kanban_notify_subs
2026-07-15 13:39:05,400 WARNING gateway.run: kanban notifier tick failed: no such table: kanban_notify_subs
2026-07-15 13:39:10,411 WARNING gateway.run: kanban notifier tick failed: no such table: kanban_notify_subs
2026-07-15 13:39:15,423 WARNING gateway.run: kanban notifier tick failed: no such table: kanban_notify_subs
2026-07-15 13:39:20,434 WARNING gateway.run: kanban notifier tick failed: no such table: kanban_notify_subs
2026-07-15 13:39:25,445 WARNING gateway.run: kanban notifier tick failed: no such table: kanban_notify_subs
2026-07-15 13:39:30,457 WARNING gateway.run: kanban notifier tick failed: no such table: kanban_notify_subs
2026-07-15 13:39:32,736 ERROR gateway.run: kanban dispatcher: tick failed on board default
Traceback (most recent call last):
  File "/home/hermes/.hermes/hermes-agent/gateway/kanban_watchers.py", line 915, in _tick_once_for_board
    return _kb.dispatch_once(
           ^^^^^^^^^^^^^^^^^^
  File "/home/hermes/.hermes/hermes-agent/hermes_cli/kanban_db.py", line 6607, in dispatch_once
    return _dispatch_once_locked(
           ^^^^^^^^^^^^^^^^^^^^^^
  File "/home/hermes/.hermes/hermes-agent/hermes_cli/kanban_db.py", line 6669, in _dispatch_once_locked
    result.reclaimed = release_stale_claims(conn)
                       ^^^^^^^^^^^^^^^^^^^^^^^^^^
  File "/home/hermes/.hermes/hermes-agent/hermes_cli/kanban_db.py", line 3422, in release_stale_claims
    stale = conn.execute(
            ^^^^^^^^^^^^^
sqlite3.OperationalError: no such table: tasks
2026-07-15 13:39:35,468 WARNING gateway.run: kanban notifier tick failed: no such table: kanban_notify_subs
2026-07-15 13:39:40,480 WARNING gateway.run: kanban notifier tick failed: no such table: kanban_notify_subs
2026-07-15 13:39:45,492 WARNING gateway.run: kanban notifier tick failed: no such table: kanban_notify_subs
2026-07-15 13:39:50,502 WARNING gateway.run: kanban notifier tick failed: no such table: kanban_notify_subs
2026-07-15 13:39:55,514 WARNING gateway.run: kanban notifier tick failed: no such table: kanban_notify_subs
2026-07-15 13:40:00,524 WARNING gateway.run: kanban notifier tick failed: no such table: kanban_notify_subs
2026-07-15 13:40:05,534 WARNING gateway.run: kanban notifier tick failed: no such table: kanban_notify_subs
2026-07-15 13:40:10,544 WARNING gateway.run: kanban notifier tick failed: no such table: kanban_notify_subs
2026-07-15 13:40:15,555 WARNING gateway.run: kanban notifier tick failed: no such table: kanban_notify_subs
2026-07-15 13:40:20,568 WARNING gateway.run: kanban notifier tick failed: no such table: kanban_notify_subs
2026-07-15 13:40:25,579 WARNING gateway.run: kanban notifier tick failed: no such table: kanban_notify_subs
2026-07-15 13:40:30,591 WARNING gateway.run: kanban notifier tick failed: no such table: kanban_notify_subs
2026-07-15 13:40:32,812 ERROR gateway.run: kanban dispatcher: tick failed on board default
Traceback (most recent call last):
  File "/home/hermes/.hermes/hermes-agent/gateway/kanban_watchers.py", line 915, in _tick_once_for_board
    return _kb.dispatch_once(
           ^^^^^^^^^^^^^^^^^^
  File "/home/hermes/.hermes/hermes-agent/hermes_cli/kanban_db.py", line 6607, in dispatch_once
    return _dispatch_once_locked(
           ^^^^^^^^^^^^^^^^^^^^^^
  File "/home/hermes/.hermes/hermes-agent/hermes_cli/kanban_db.py", line 6669, in _dispatch_once_locked
    result.reclaimed = release_stale_claims(conn)
                       ^^^^^^^^^^^^^^^^^^^^^^^^^^
  File "/home/hermes/.hermes/hermes-agent/hermes_cli/kanban_db.py", line 3422, in release_stale_claims
    stale = conn.execute(
            ^^^^^^^^^^^^^
sqlite3.OperationalError: no such table: tasks
2026-07-15 13:40:35,602 WARNING gateway.run: kanban notifier tick failed: no such table: kanban_notify_subs
2026-07-15 13:40:40,615 WARNING gateway.run: kanban notifier tick failed: no such table: kanban_notify_subs
2026-07-15 13:40:45,625 WARNING gateway.run: kanban notifier tick failed: no such table: kanban_notify_subs
2026-07-15 13:40:50,633 WARNING gateway.run: kanban notifier tick failed: no such table: kanban_notify_subs
2026-07-15 13:40:55,641 WARNING gateway.run: kanban notifier tick failed: no such table: kanban_notify_subs
2026-07-15 13:41:00,651 WARNING gateway.run: kanban notifier tick failed: no such table: kanban_notify_subs
2026-07-15 13:41:05,663 WARNING gateway.run: kanban notifier tick failed: no such table: kanban_notify_subs
2026-07-15 13:41:10,673 WARNING gateway.run: kanban notifier tick failed: no such table: kanban_notify_subs
2026-07-15 13:41:15,684 WARNING gateway.run: kanban notifier tick failed: no such table: kanban_notify_subs
2026-07-15 13:41:20,692 WARNING gateway.run: kanban notifier tick failed: no such table: kanban_notify_subs
2026-07-15 13:41:25,700 WARNING gateway.run: kanban notifier tick failed: no such table: kanban_notify_subs
2026-07-15 13:41:30,709 WARNING gateway.run: kanban notifier tick failed: no such table: kanban_notify_subs
2026-07-15 13:41:32,897 ERROR gateway.run: kanban dispatcher: tick failed on board default
Traceback (most recent call last):
  File "/home/hermes/.hermes/hermes-agent/gateway/kanban_watchers.py", line 915, in _tick_once_for_board
    return _kb.dispatch_once(
           ^^^^^^^^^^^^^^^^^^
  File "/home/hermes/.hermes/hermes-agent/hermes_cli/kanban_db.py", line 6607, in dispatch_once
    return _dispatch_once_locked(
           ^^^^^^^^^^^^^^^^^^^^^^
  File "/home/hermes/.hermes/hermes-agent/hermes_cli/kanban_db.py", line 6669, in _dispatch_once_locked
    result.reclaimed = release_stale_claims(conn)
                       ^^^^^^^^^^^^^^^^^^^^^^^^^^
  File "/home/hermes/.hermes/hermes-agent/hermes_cli/kanban_db.py", line 3422, in release_stale_claims
    stale = conn.execute(
            ^^^^^^^^^^^^^
sqlite3.OperationalError: no such table: tasks
2026-07-15 13:41:35,721 WARNING gateway.run: kanban notifier tick failed: no such table: kanban_notify_subs
2026-07-15 13:41:40,730 WARNING gateway.run: kanban notifier tick failed: no such table: kanban_notify_subs
2026-07-15 13:41:45,738 WARNING gateway.run: kanban notifier tick failed: no such table: kanban_notify_subs
2026-07-15 13:41:50,747 WARNING gateway.run: kanban notifier tick failed: no such table: kanban_notify_subs
2026-07-15 13:41:55,755 WARNING gateway.run: kanban notifier tick failed: no such table: kanban_notify_subs
2026-07-15 13:42:00,767 WARNING gateway.run: kanban notifier tick failed: no such table: kanban_notify_subs
2026-07-15 13:42:05,776 WARNING gateway.run: kanban notifier tick failed: no such table: kanban_notify_subs
2026-07-15 13:42:10,785 WARNING gateway.run: kanban notifier tick failed: no such table: kanban_notify_subs
2026-07-15 13:42:15,794 WARNING gateway.run: kanban notifier tick failed: no such table: kanban_notify_subs
2026-07-15 13:42:20,802 WARNING gateway.run: kanban notifier tick failed: no such table: kanban_notify_subs
2026-07-15 13:42:25,811 WARNING gateway.run: kanban notifier tick failed: no such table: kanban_notify_subs
2026-07-15 13:42:30,823 WARNING gateway.run: kanban notifier tick failed: no such table: kanban_notify_subs
2026-07-15 13:42:32,978 ERROR gateway.run: kanban dispatcher: tick failed on board default
Traceback (most recent call last):
  File "/home/hermes/.hermes/hermes-agent/gateway/kanban_watchers.py", line 915, in _tick_once_for_board
    return _kb.dispatch_once(
           ^^^^^^^^^^^^^^^^^^
  File "/home/hermes/.hermes/hermes-agent/hermes_cli/kanban_db.py", line 6607, in dispatch_once
    return _dispatch_once_locked(
           ^^^^^^^^^^^^^^^^^^^^^^
  File "/home/hermes/.hermes/hermes-agent/hermes_cli/kanban_db.py", line 6669, in _dispatch_once_locked
    result.reclaimed = release_stale_claims(conn)
                       ^^^^^^^^^^^^^^^^^^^^^^^^^^
  File "/home/hermes/.hermes/hermes-agent/hermes_cli/kanban_db.py", line 3422, in release_stale_claims
    stale = conn.execute(
            ^^^^^^^^^^^^^
sqlite3.OperationalError: no such table: tasks
2026-07-15 13:42:35,831 WARNING gateway.run: kanban notifier tick failed: no such table: kanban_notify_subs
2026-07-15 13:42:40,840 WARNING gateway.run: kanban notifier tick failed: no such table: kanban_notify_subs
2026-07-15 13:42:45,850 WARNING gateway.run: kanban notifier tick failed: no such table: kanban_notify_subs
2026-07-15 13:42:50,860 WARNING gateway.run: kanban notifier tick failed: no such table: kanban_notify_subs
2026-07-15 13:42:55,868 WARNING gateway.run: kanban notifier tick failed: no such table: kanban_notify_subs
2026-07-15 13:43:00,045 WARNING gateway.channel_directory: Channel directory: failed to list Slack channels for team T07NCFCNCV6: The request to the Slack API failed. (url: https://slack.com/api/users.conversations, status: 200)
The server responded with: {'ok': False, 'error': 'missing_scope', 'needed': 'groups:read', 'provided': 'chat:write,chat:write.public,im:write,channels:read,reactions:read,users:read,files:write'}
2026-07-15 13:43:00,879 WARNING gateway.run: kanban notifier tick failed: no such table: kanban_notify_subs
2026-07-15 13:43:05,891 WARNING gateway.run: kanban notifier tick failed: no such table: kanban_notify_subs
2026-07-15 13:43:10,901 WARNING gateway.run: kanban notifier tick failed: no such table: kanban_notify_subs
2026-07-15 13:43:15,910 WARNING gateway.run: kanban notifier tick failed: no such table: kanban_notify_subs
2026-07-15 13:43:20,920 WARNING gateway.run: kanban notifier tick failed: no such table: kanban_notify_subs
2026-07-15 13:43:25,928 WARNING gateway.run: kanban notifier tick failed: no such table: kanban_notify_subs
2026-07-15 13:43:30,937 WARNING gateway.run: kanban notifier tick failed: no such table: kanban_notify_subs
2026-07-15 13:43:33,057 ERROR gateway.run: kanban dispatcher: tick failed on board default
Traceback (most recent call last):
  File "/home/hermes/.hermes/hermes-agent/gateway/kanban_watchers.py", line 915, in _tick_once_for_board
    return _kb.dispatch_once(
           ^^^^^^^^^^^^^^^^^^
  File "/home/hermes/.hermes/hermes-agent/hermes_cli/kanban_db.py", line 6607, in dispatch_once
    return _dispatch_once_locked(
           ^^^^^^^^^^^^^^^^^^^^^^
  File "/home/hermes/.hermes/hermes-agent/hermes_cli/kanban_db.py", line 6669, in _dispatch_once_locked
    result.reclaimed = release_stale_claims(conn)
                       ^^^^^^^^^^^^^^^^^^^^^^^^^^
  File "/home/hermes/.hermes/hermes-agent/hermes_cli/kanban_db.py", line 3422, in release_stale_claims
    stale = conn.execute(
            ^^^^^^^^^^^^^
sqlite3.OperationalError: no such table: tasks
2026-07-15 13:43:35,945 WARNING gateway.run: kanban notifier tick failed: no such table: kanban_notify_subs
2026-07-15 13:43:40,954 WARNING gateway.run: kanban notifier tick failed: no such table: kanban_notify_subs
2026-07-15 13:43:45,964 WARNING gateway.run: kanban notifier tick failed: no such table: kanban_notify_subs
2026-07-15 13:43:50,973 WARNING gateway.run: kanban notifier tick failed: no such table: kanban_notify_subs
2026-07-15 13:43:55,984 WARNING gateway.run: kanban notifier tick failed: no such table: kanban_notify_subs
2026-07-15 13:44:00,993 WARNING gateway.run: kanban notifier tick failed: no such table: kanban_notify_subs
2026-07-15 13:44:06,002 WARNING gateway.run: kanban notifier tick failed: no such table: kanban_notify_subs
2026-07-15 13:44:11,013 WARNING gateway.run: kanban notifier tick failed: no such table: kanban_notify_subs
2026-07-15 13:44:16,022 WARNING gateway.run: kanban notifier tick failed: no such table: kanban_notify_subs
2026-07-15 13:44:21,031 WARNING gateway.run: kanban notifier tick failed: no such table: kanban_notify_subs
2026-07-15 13:44:26,041 WARNING gateway.run: kanban notifier tick failed: no such table: kanban_notify_subs
2026-07-15 13:44:31,050 WARNING gateway.run: kanban notifier tick failed: no such table: kanban_notify_subs
2026-07-15 13:44:33,129 ERROR gateway.run: kanban dispatcher: tick failed on board default
Traceback (most recent call last):
  File "/home/hermes/.hermes/hermes-agent/gateway/kanban_watchers.py", line 915, in _tick_once_for_board
    return _kb.dispatch_once(
           ^^^^^^^^^^^^^^^^^^
  File "/home/hermes/.hermes/hermes-agent/hermes_cli/kanban_db.py", line 6607, in dispatch_once
    return _dispatch_once_locked(
           ^^^^^^^^^^^^^^^^^^^^^^
  File "/home/hermes/.hermes/hermes-agent/hermes_cli/kanban_db.py", line 6669, in _dispatch_once_locked
    result.reclaimed = release_stale_claims(conn)
                       ^^^^^^^^^^^^^^^^^^^^^^^^^^
  File "/home/hermes/.hermes/hermes-agent/hermes_cli/kanban_db.py", line 3422, in release_stale_claims
    stale = conn.execute(
            ^^^^^^^^^^^^^
sqlite3.OperationalError: no such table: tasks
2026-07-15 13:44:36,062 WARNING gateway.run: kanban notifier tick failed: no such table: kanban_notify_subs
2026-07-15 13:44:41,071 WARNING gateway.run: kanban notifier tick failed: no such table: kanban_notify_subs
2026-07-15 13:44:46,081 WARNING gateway.run: kanban notifier tick failed: no such table: kanban_notify_subs
2026-07-15 13:44:51,090 WARNING gateway.run: kanban notifier tick failed: no such table: kanban_notify_subs
2026-07-15 13:44:56,099 WARNING gateway.run: kanban notifier tick failed: no such table: kanban_notify_subs
2026-07-15 13:45:01,110 WARNING gateway.run: kanban notifier tick failed: no such table: kanban_notify_subs
2026-07-15 13:45:06,119 WARNING gateway.run: kanban notifier tick failed: no such table: kanban_notify_subs
2026-07-15 13:45:11,132 WARNING gateway.run: kanban notifier tick failed: no such table: kanban_notify_subs
2026-07-15 13:45:16,141 WARNING gateway.run: kanban notifier tick failed: no such table: kanban_notify_subs
2026-07-15 13:45:21,150 WARNING gateway.run: kanban notifier tick failed: no such table: kanban_notify_subs
2026-07-15 13:45:26,159 WARNING gateway.run: kanban notifier tick failed: no such table: kanban_notify_subs
2026-07-15 13:45:31,168 WARNING gateway.run: kanban notifier tick failed: no such table: kanban_notify_subs
2026-07-15 13:45:33,204 ERROR gateway.run: kanban dispatcher: tick failed on board default
Traceback (most recent call last):
  File "/home/hermes/.hermes/hermes-agent/gateway/kanban_watchers.py", line 915, in _tick_once_for_board
    return _kb.dispatch_once(
           ^^^^^^^^^^^^^^^^^^
  File "/home/hermes/.hermes/hermes-agent/hermes_cli/kanban_db.py", line 6607, in dispatch_once
    return _dispatch_once_locked(
           ^^^^^^^^^^^^^^^^^^^^^^
  File "/home/hermes/.hermes/hermes-agent/hermes_cli/kanban_db.py", line 6669, in _dispatch_once_locked
    result.reclaimed = release_stale_claims(conn)
                       ^^^^^^^^^^^^^^^^^^^^^^^^^^
  File "/home/hermes/.hermes/hermes-agent/hermes_cli/kanban_db.py", line 3422, in release_stale_claims
    stale = conn.execute(
            ^^^^^^^^^^^^^
sqlite3.OperationalError: no such table: tasks
2026-07-15 13:45:36,178 WARNING gateway.run: kanban notifier tick failed: no such table: kanban_notify_subs
2026-07-15 13:45:41,187 WARNING gateway.run: kanban notifier tick failed: no such table: kanban_notify_subs
2026-07-15 13:45:46,195 WARNING gateway.run: kanban notifier tick failed: no such table: kanban_notify_subs
2026-07-15 13:45:51,204 WARNING gateway.run: kanban notifier tick failed: no such table: kanban_notify_subs
2026-07-15 13:45:56,213 WARNING gateway.run: kanban notifier tick failed: no such table: kanban_notify_subs
2026-07-15 13:46:01,222 WARNING gateway.run: kanban notifier tick failed: no such table: kanban_notify_subs
2026-07-15 13:46:06,231 WARNING gateway.run: kanban notifier tick failed: no such table: kanban_notify_subs
2026-07-15 13:46:11,240 WARNING gateway.run: kanban notifier tick failed: no such table: kanban_notify_subs
2026-07-15 13:46:16,248 WARNING gateway.run: kanban notifier tick failed: no such table: kanban_notify_subs
2026-07-15 13:46:21,257 WARNING gateway.run: kanban notifier tick failed: no such table: kanban_notify_subs
2026-07-15 13:46:26,267 WARNING gateway.run: kanban notifier tick failed: no such table: kanban_notify_subs
2026-07-15 13:46:31,278 WARNING gateway.run: kanban notifier tick failed: no such table: kanban_notify_subs
2026-07-15 13:46:33,274 ERROR gateway.run: kanban dispatcher: tick failed on board default
Traceback (most recent call last):
  File "/home/hermes/.hermes/hermes-agent/gateway/kanban_watchers.py", line 915, in _tick_once_for_board
    return _kb.dispatch_once(
           ^^^^^^^^^^^^^^^^^^
  File "/home/hermes/.hermes/hermes-agent/hermes_cli/kanban_db.py", line 6607, in dispatch_once
    return _dispatch_once_locked(
           ^^^^^^^^^^^^^^^^^^^^^^
  File "/home/hermes/.hermes/hermes-agent/hermes_cli/kanban_db.py", line 6669, in _dispatch_once_locked
    result.reclaimed = release_stale_claims(conn)
                       ^^^^^^^^^^^^^^^^^^^^^^^^^^
  File "/home/hermes/.hermes/hermes-agent/hermes_cli/kanban_db.py", line 3422, in release_stale_claims
    stale = conn.execute(
            ^^^^^^^^^^^^^
sqlite3.OperationalError: no such table: tasks
2026-07-15 13:46:36,286 WARNING gateway.run: kanban notifier tick failed: no such table: kanban_notify_subs
2026-07-15 13:46:41,295 WARNING gateway.run: kanban notifier tick failed: no such table: kanban_notify_subs
2026-07-15 13:46:46,304 WARNING gateway.run: kanban notifier tick failed: no such table: kanban_notify_subs
2026-07-15 13:46:51,312 WARNING gateway.run: kanban notifier tick failed: no such table: kanban_notify_subs
2026-07-15 13:46:56,321 WARNING gateway.run: kanban notifier tick failed: no such table: kanban_notify_subs
2026-07-15 13:47:01,330 WARNING gateway.run: kanban notifier tick failed: no such table: kanban_notify_subs
2026-07-15 13:47:06,339 WARNING gateway.run: kanban notifier tick failed: no such table: kanban_notify_subs
2026-07-15 13:47:11,352 WARNING gateway.run: kanban notifier tick failed: no such table: kanban_notify_subs
2026-07-15 13:47:16,360 WARNING gateway.run: kanban notifier tick failed: no such table: kanban_notify_subs
2026-07-15 13:47:21,368 WARNING gateway.run: kanban notifier tick failed: no such table: kanban_notify_subs
2026-07-15 13:47:26,377 WARNING gateway.run: kanban notifier tick failed: no such table: kanban_notify_subs
2026-07-15 13:47:31,386 WARNING gateway.run: kanban notifier tick failed: no such table: kanban_notify_subs
2026-07-15 13:47:33,351 ERROR gateway.run: kanban dispatcher: tick failed on board default
Traceback (most recent call last):
  File "/home/hermes/.hermes/hermes-agent/gateway/kanban_watchers.py", line 915, in _tick_once_for_board
    return _kb.dispatch_once(
           ^^^^^^^^^^^^^^^^^^
  File "/home/hermes/.hermes/hermes-agent/hermes_cli/kanban_db.py", line 6607, in dispatch_once
    return _dispatch_once_locked(
           ^^^^^^^^^^^^^^^^^^^^^^
  File "/home/hermes/.hermes/hermes-agent/hermes_cli/kanban_db.py", line 6669, in _dispatch_once_locked
    result.reclaimed = release_stale_claims(conn)
                       ^^^^^^^^^^^^^^^^^^^^^^^^^^
  File "/home/hermes/.hermes/hermes-agent/hermes_cli/kanban_db.py", line 3422, in release_stale_claims
    stale = conn.execute(
            ^^^^^^^^^^^^^
sqlite3.OperationalError: no such table: tasks
2026-07-15 13:47:36,394 WARNING gateway.run: kanban notifier tick failed: no such table: kanban_notify_subs
2026-07-15 13:47:41,403 WARNING gateway.run: kanban notifier tick failed: no such table: kanban_notify_subs
2026-07-15 13:47:46,411 WARNING gateway.run: kanban notifier tick failed: no such table: kanban_notify_subs
2026-07-15 13:47:51,420 WARNING gateway.run: kanban notifier tick failed: no such table: kanban_notify_subs
2026-07-15 13:47:56,429 WARNING gateway.run: kanban notifier tick failed: no such table: kanban_notify_subs
2026-07-15 13:48:00,280 WARNING gateway.channel_directory: Channel directory: failed to list Slack channels for team T07NCFCNCV6: The request to the Slack API failed. (url: https://slack.com/api/users.conversations, status: 200)
The server responded with: {'ok': False, 'error': 'missing_scope', 'needed': 'groups:read', 'provided': 'chat:write,chat:write.public,im:write,channels:read,reactions:read,users:read,files:write'}
2026-07-15 13:48:01,438 WARNING gateway.run: kanban notifier tick failed: no such table: kanban_notify_subs
2026-07-15 13:48:06,446 WARNING gateway.run: kanban notifier tick failed: no such table: kanban_notify_subs
2026-07-15 13:48:11,455 WARNING gateway.run: kanban notifier tick failed: no such table: kanban_notify_subs
2026-07-15 13:48:16,464 WARNING gateway.run: kanban notifier tick failed: no such table: kanban_notify_subs
2026-07-15 13:48:21,472 WARNING gateway.run: kanban notifier tick failed: no such table: kanban_notify_subs
2026-07-15 13:48:26,483 WARNING gateway.run: kanban notifier tick failed: no such table: kanban_notify_subs
2026-07-15 13:48:31,491 WARNING gateway.run: kanban notifier tick failed: no such table: kanban_notify_subs
2026-07-15 13:48:33,428 ERROR gateway.run: kanban dispatcher: tick failed on board default
Traceback (most recent call last):
  File "/home/hermes/.hermes/hermes-agent/gateway/kanban_watchers.py", line 915, in _tick_once_for_board
    return _kb.dispatch_once(
           ^^^^^^^^^^^^^^^^^^
  File "/home/hermes/.hermes/hermes-agent/hermes_cli/kanban_db.py", line 6607, in dispatch_once
    return _dispatch_once_locked(
           ^^^^^^^^^^^^^^^^^^^^^^
  File "/home/hermes/.hermes/hermes-agent/hermes_cli/kanban_db.py", line 6669, in _dispatch_once_locked
    result.reclaimed = release_stale_claims(conn)
                       ^^^^^^^^^^^^^^^^^^^^^^^^^^
  File "/home/hermes/.hermes/hermes-agent/hermes_cli/kanban_db.py", line 3422, in release_stale_claims
    stale = conn.execute(
            ^^^^^^^^^^^^^
sqlite3.OperationalError: no such table: tasks
2026-07-15 13:48:36,500 WARNING gateway.run: kanban notifier tick failed: no such table: kanban_notify_subs
2026-07-15 13:48:41,510 WARNING gateway.run: kanban notifier tick failed: no such table: kanban_notify_subs
2026-07-15 13:48:46,522 WARNING gateway.run: kanban notifier tick failed: no such table: kanban_notify_subs
2026-07-15 13:48:51,533 WARNING gateway.run: kanban notifier tick failed: no such table: kanban_notify_subs
2026-07-15 13:48:56,542 WARNING gateway.run: kanban notifier tick failed: no such table: kanban_notify_subs
2026-07-15 13:49:01,551 WARNING gateway.run: kanban notifier tick failed: no such table: kanban_notify_subs
2026-07-15 13:49:06,560 WARNING gateway.run: kanban notifier tick failed: no such table: kanban_notify_subs
2026-07-15 13:49:11,569 WARNING gateway.run: kanban notifier tick failed: no such table: kanban_notify_subs
2026-07-15 13:49:16,578 WARNING gateway.run: kanban notifier tick failed: no such table: kanban_notify_subs
2026-07-15 13:49:21,587 WARNING gateway.run: kanban notifier tick failed: no such table: kanban_notify_subs
2026-07-15 13:49:26,595 WARNING gateway.run: kanban notifier tick failed: no such table: kanban_notify_subs
2026-07-15 13:49:31,604 WARNING gateway.run: kanban notifier tick failed: no such table: kanban_notify_subs
2026-07-15 13:49:33,509 ERROR gateway.run: kanban dispatcher: tick failed on board default
Traceback (most recent call last):
  File "/home/hermes/.hermes/hermes-agent/gateway/kanban_watchers.py", line 915, in _tick_once_for_board
    return _kb.dispatch_once(
           ^^^^^^^^^^^^^^^^^^
  File "/home/hermes/.hermes/hermes-agent/hermes_cli/kanban_db.py", line 6607, in dispatch_once
    return _dispatch_once_locked(
           ^^^^^^^^^^^^^^^^^^^^^^
  File "/home/hermes/.hermes/hermes-agent/hermes_cli/kanban_db.py", line 6669, in _dispatch_once_locked
    result.reclaimed = release_stale_claims(conn)
                       ^^^^^^^^^^^^^^^^^^^^^^^^^^
  File "/home/hermes/.hermes/hermes-agent/hermes_cli/kanban_db.py", line 3422, in release_stale_claims
    stale = conn.execute(
            ^^^^^^^^^^^^^
sqlite3.OperationalError: no such table: tasks
2026-07-15 13:49:36,614 WARNING gateway.run: kanban notifier tick failed: no such table: kanban_notify_subs
2026-07-15 13:49:41,623 WARNING gateway.run: kanban notifier tick failed: no such table: kanban_notify_subs
2026-07-15 13:49:46,632 WARNING gateway.run: kanban notifier tick failed: no such table: kanban_notify_subs
2026-07-15 13:49:51,649 WARNING gateway.run: kanban notifier tick failed: no such table: kanban_notify_subs
2026-07-15 13:49:56,666 WARNING gateway.run: kanban notifier tick failed: no such table: kanban_notify_subs
2026-07-15 13:50:01,683 WARNING gateway.run: kanban notifier tick failed: no such table: kanban_notify_subs
2026-07-15 13:50:06,692 WARNING gateway.run: kanban notifier tick failed: no such table: kanban_notify_subs
2026-07-15 13:50:11,703 WARNING gateway.run: kanban notifier tick failed: no such table: kanban_notify_subs
2026-07-15 13:50:16,713 WARNING gateway.run: kanban notifier tick failed: no such table: kanban_notify_subs
2026-07-15 13:50:21,724 WARNING gateway.run: kanban notifier tick failed: no such table: kanban_notify_subs
2026-07-15 13:50:26,735 WARNING gateway.run: kanban notifier tick failed: no such table: kanban_notify_subs
2026-07-15 13:50:31,744 WARNING gateway.run: kanban notifier tick failed: no such table: kanban_notify_subs
2026-07-15 13:50:33,603 ERROR gateway.run: kanban dispatcher: tick failed on board default
Traceback (most recent call last):
  File "/home/hermes/.hermes/hermes-agent/gateway/kanban_watchers.py", line 915, in _tick_once_for_board
    return _kb.dispatch_once(
           ^^^^^^^^^^^^^^^^^^
  File "/home/hermes/.hermes/hermes-agent/hermes_cli/kanban_db.py", line 6607, in dispatch_once
    return _dispatch_once_locked(
           ^^^^^^^^^^^^^^^^^^^^^^
  File "/home/hermes/.hermes/hermes-agent/hermes_cli/kanban_db.py", line 6669, in _dispatch_once_locked
    result.reclaimed = release_stale_claims(conn)
                       ^^^^^^^^^^^^^^^^^^^^^^^^^^
  File "/home/hermes/.hermes/hermes-agent/hermes_cli/kanban_db.py", line 3422, in release_stale_claims
    stale = conn.execute(
            ^^^^^^^^^^^^^
sqlite3.OperationalError: no such table: tasks
2026-07-15 13:50:36,753 WARNING gateway.run: kanban notifier tick failed: no such table: kanban_notify_subs
2026-07-15 13:50:41,762 WARNING gateway.run: kanban notifier tick failed: no such table: kanban_notify_subs
2026-07-15 13:50:46,772 WARNING gateway.run: kanban notifier tick failed: no such table: kanban_notify_subs
2026-07-15 13:50:51,781 WARNING gateway.run: kanban notifier tick failed: no such table: kanban_notify_subs
2026-07-15 13:50:56,790 WARNING gateway.run: kanban notifier tick failed: no such table: kanban_notify_subs
2026-07-15 13:51:01,799 WARNING gateway.run: kanban notifier tick failed: no such table: kanban_notify_subs
2026-07-15 13:51:06,809 WARNING gateway.run: kanban notifier tick failed: no such table: kanban_notify_subs
2026-07-15 13:51:11,818 WARNING gateway.run: kanban notifier tick failed: no such table: kanban_notify_subs
2026-07-15 13:51:16,827 WARNING gateway.run: kanban notifier tick failed: no such table: kanban_notify_subs
2026-07-15 13:51:21,835 WARNING gateway.run: kanban notifier tick failed: no such table: kanban_notify_subs
2026-07-15 13:51:26,846 WARNING gateway.run: kanban notifier tick failed: no such table: kanban_notify_subs
2026-07-15 13:51:31,857 WARNING gateway.run: kanban notifier tick failed: no such table: kanban_notify_subs
2026-07-15 13:51:33,691 ERROR gateway.run: kanban dispatcher: tick failed on board default
Traceback (most recent call last):
  File "/home/hermes/.hermes/hermes-agent/gateway/kanban_watchers.py", line 915, in _tick_once_for_board
    return _kb.dispatch_once(
           ^^^^^^^^^^^^^^^^^^
  File "/home/hermes/.hermes/hermes-agent/hermes_cli/kanban_db.py", line 6607, in dispatch_once
    return _dispatch_once_locked(
           ^^^^^^^^^^^^^^^^^^^^^^
  File "/home/hermes/.hermes/hermes-agent/hermes_cli/kanban_db.py", line 6669, in _dispatch_once_locked
    result.reclaimed = release_stale_claims(conn)
                       ^^^^^^^^^^^^^^^^^^^^^^^^^^
  File "/home/hermes/.hermes/hermes-agent/hermes_cli/kanban_db.py", line 3422, in release_stale_claims
    stale = conn.execute(
            ^^^^^^^^^^^^^
sqlite3.OperationalError: no such table: tasks
2026-07-15 13:51:36,867 WARNING gateway.run: kanban notifier tick failed: no such table: kanban_notify_subs
2026-07-15 13:51:41,876 WARNING gateway.run: kanban notifier tick failed: no such table: kanban_notify_subs
2026-07-15 13:51:46,886 WARNING gateway.run: kanban notifier tick failed: no such table: kanban_notify_subs
2026-07-15 13:51:51,894 WARNING gateway.run: kanban notifier tick failed: no such table: kanban_notify_subs
2026-07-15 13:51:56,904 WARNING gateway.run: kanban notifier tick failed: no such table: kanban_notify_subs
2026-07-15 13:52:01,912 WARNING gateway.run: kanban notifier tick failed: no such table: kanban_notify_subs
2026-07-15 13:52:06,921 WARNING gateway.run: kanban notifier tick failed: no such table: kanban_notify_subs
2026-07-15 13:52:11,930 WARNING gateway.run: kanban notifier tick failed: no such table: kanban_notify_subs
2026-07-15 13:52:16,940 WARNING gateway.run: kanban notifier tick failed: no such table: kanban_notify_subs
2026-07-15 13:52:21,948 WARNING gateway.run: kanban notifier tick failed: no such table: kanban_notify_subs
2026-07-15 13:52:26,958 WARNING gateway.run: kanban notifier tick failed: no such table: kanban_notify_subs
2026-07-15 13:52:31,971 WARNING gateway.run: kanban notifier tick failed: no such table: kanban_notify_subs
2026-07-15 13:52:33,772 ERROR gateway.run: kanban dispatcher: tick failed on board default
Traceback (most recent call last):
  File "/home/hermes/.hermes/hermes-agent/gateway/kanban_watchers.py", line 915, in _tick_once_for_board
    return _kb.dispatch_once(
           ^^^^^^^^^^^^^^^^^^
  File "/home/hermes/.hermes/hermes-agent/hermes_cli/kanban_db.py", line 6607, in dispatch_once
    return _dispatch_once_locked(
           ^^^^^^^^^^^^^^^^^^^^^^
  File "/home/hermes/.hermes/hermes-agent/hermes_cli/kanban_db.py", line 6669, in _dispatch_once_locked
    result.reclaimed = release_stale_claims(conn)
                       ^^^^^^^^^^^^^^^^^^^^^^^^^^
  File "/home/hermes/.hermes/hermes-agent/hermes_cli/kanban_db.py", line 3422, in release_stale_claims
    stale = conn.execute(
            ^^^^^^^^^^^^^
sqlite3.OperationalError: no such table: tasks
2026-07-15 13:52:36,979 WARNING gateway.run: kanban notifier tick failed: no such table: kanban_notify_subs
2026-07-15 13:52:41,987 WARNING gateway.run: kanban notifier tick failed: no such table: kanban_notify_subs
2026-07-15 13:52:46,997 WARNING gateway.run: kanban notifier tick failed: no such table: kanban_notify_subs
2026-07-15 13:52:52,010 WARNING gateway.run: kanban notifier tick failed: no such table: kanban_notify_subs
2026-07-15 13:52:57,019 WARNING gateway.run: kanban notifier tick failed: no such table: kanban_notify_subs
2026-07-15 13:53:00,457 WARNING gateway.channel_directory: Channel directory: failed to list Slack channels for team T07NCFCNCV6: The request to the Slack API failed. (url: https://slack.com/api/users.conversations, status: 200)
The server responded with: {'ok': False, 'error': 'missing_scope', 'needed': 'groups:read', 'provided': 'chat:write,chat:write.public,im:write,channels:read,reactions:read,users:read,files:write'}
2026-07-15 13:53:02,028 WARNING gateway.run: kanban notifier tick failed: no such table: kanban_notify_subs
2026-07-15 13:53:07,037 WARNING gateway.run: kanban notifier tick failed: no such table: kanban_notify_subs
2026-07-15 13:53:12,047 WARNING gateway.run: kanban notifier tick failed: no such table: kanban_notify_subs
2026-07-15 13:53:17,056 WARNING gateway.run: kanban notifier tick failed: no such table: kanban_notify_subs
2026-07-15 13:53:22,066 WARNING gateway.run: kanban notifier tick failed: no such table: kanban_notify_subs
2026-07-15 13:53:27,075 WARNING gateway.run: kanban notifier tick failed: no such table: kanban_notify_subs
2026-07-15 13:53:32,089 WARNING gateway.run: kanban notifier tick failed: no such table: kanban_notify_subs
2026-07-15 13:53:33,858 ERROR gateway.run: kanban dispatcher: tick failed on board default
Traceback (most recent call last):
  File "/home/hermes/.hermes/hermes-agent/gateway/kanban_watchers.py", line 915, in _tick_once_for_board
    return _kb.dispatch_once(
           ^^^^^^^^^^^^^^^^^^
  File "/home/hermes/.hermes/hermes-agent/hermes_cli/kanban_db.py", line 6607, in dispatch_once
    return _dispatch_once_locked(
           ^^^^^^^^^^^^^^^^^^^^^^
  File "/home/hermes/.hermes/hermes-agent/hermes_cli/kanban_db.py", line 6669, in _dispatch_once_locked
    result.reclaimed = release_stale_claims(conn)
                       ^^^^^^^^^^^^^^^^^^^^^^^^^^
  File "/home/hermes/.hermes/hermes-agent/hermes_cli/kanban_db.py", line 3422, in release_stale_claims
    stale = conn.execute(
            ^^^^^^^^^^^^^
sqlite3.OperationalError: no such table: tasks
2026-07-15 13:53:37,099 WARNING gateway.run: kanban notifier tick failed: no such table: kanban_notify_subs
2026-07-15 13:53:42,108 WARNING gateway.run: kanban notifier tick failed: no such table: kanban_notify_subs
2026-07-15 13:53:47,121 WARNING gateway.run: kanban notifier tick failed: no such table: kanban_notify_subs
2026-07-15 13:53:52,130 WARNING gateway.run: kanban notifier tick failed: no such table: kanban_notify_subs
2026-07-15 13:53:57,140 WARNING gateway.run: kanban notifier tick failed: no such table: kanban_notify_subs
2026-07-15 13:54:02,149 WARNING gateway.run: kanban notifier tick failed: no such table: kanban_notify_subs
2026-07-15 13:54:07,158 WARNING gateway.run: kanban notifier tick failed: no such table: kanban_notify_subs
2026-07-15 13:54:12,167 WARNING gateway.run: kanban notifier tick failed: no such table: kanban_notify_subs
2026-07-15 13:54:17,176 WARNING gateway.run: kanban notifier tick failed: no such table: kanban_notify_subs
2026-07-15 13:54:22,190 WARNING gateway.run: kanban notifier tick failed: no such table: kanban_notify_subs
2026-07-15 13:54:27,199 WARNING gateway.run: kanban notifier tick failed: no such table: kanban_notify_subs
2026-07-15 13:54:32,208 WARNING gateway.run: kanban notifier tick failed: no such table: kanban_notify_subs
2026-07-15 13:54:33,943 ERROR gateway.run: kanban dispatcher: tick failed on board default
Traceback (most recent call last):
  File "/home/hermes/.hermes/hermes-agent/gateway/kanban_watchers.py", line 915, in _tick_once_for_board
    return _kb.dispatch_once(
           ^^^^^^^^^^^^^^^^^^
  File "/home/hermes/.hermes/hermes-agent/hermes_cli/kanban_db.py", line 6607, in dispatch_once
    return _dispatch_once_locked(
           ^^^^^^^^^^^^^^^^^^^^^^
  File "/home/hermes/.hermes/hermes-agent/hermes_cli/kanban_db.py", line 6669, in _dispatch_once_locked
    result.reclaimed = release_stale_claims(conn)
                       ^^^^^^^^^^^^^^^^^^^^^^^^^^
  File "/home/hermes/.hermes/hermes-agent/hermes_cli/kanban_db.py", line 3422, in release_stale_claims
    stale = conn.execute(
            ^^^^^^^^^^^^^
sqlite3.OperationalError: no such table: tasks
2026-07-15 13:54:37,217 WARNING gateway.run: kanban notifier tick failed: no such table: kanban_notify_subs
2026-07-15 13:54:42,225 WARNING gateway.run: kanban notifier tick failed: no such table: kanban_notify_subs
2026-07-15 13:54:47,236 WARNING gateway.run: kanban notifier tick failed: no such table: kanban_notify_subs
2026-07-15 13:54:52,245 WARNING gateway.run: kanban notifier tick failed: no such table: kanban_notify_subs
2026-07-15 13:54:57,254 WARNING gateway.run: kanban notifier tick failed: no such table: kanban_notify_subs
2026-07-15 13:55:02,263 WARNING gateway.run: kanban notifier tick failed: no such table: kanban_notify_subs
2026-07-15 13:55:07,277 WARNING gateway.run: kanban notifier tick failed: no such table: kanban_notify_subs
2026-07-15 13:55:12,286 WARNING gateway.run: kanban notifier tick failed: no such table: kanban_notify_subs
2026-07-15 13:55:17,294 WARNING gateway.run: kanban notifier tick failed: no such table: kanban_notify_subs
2026-07-15 13:55:22,303 WARNING gateway.run: kanban notifier tick failed: no such table: kanban_notify_subs
2026-07-15 13:55:27,313 WARNING gateway.run: kanban notifier tick failed: no such table: kanban_notify_subs
2026-07-15 13:55:32,322 WARNING gateway.run: kanban notifier tick failed: no such table: kanban_notify_subs
2026-07-15 13:55:34,033 ERROR gateway.run: kanban dispatcher: tick failed on board default
Traceback (most recent call last):
  File "/home/hermes/.hermes/hermes-agent/gateway/kanban_watchers.py", line 915, in _tick_once_for_board
    return _kb.dispatch_once(
           ^^^^^^^^^^^^^^^^^^
  File "/home/hermes/.hermes/hermes-agent/hermes_cli/kanban_db.py", line 6607, in dispatch_once
    return _dispatch_once_locked(
           ^^^^^^^^^^^^^^^^^^^^^^
  File "/home/hermes/.hermes/hermes-agent/hermes_cli/kanban_db.py", line 6669, in _dispatch_once_locked
    result.reclaimed = release_stale_claims(conn)
                       ^^^^^^^^^^^^^^^^^^^^^^^^^^
  File "/home/hermes/.hermes/hermes-agent/hermes_cli/kanban_db.py", line 3422, in release_stale_claims
    stale = conn.execute(
            ^^^^^^^^^^^^^
sqlite3.OperationalError: no such table: tasks
2026-07-15 13:55:37,336 WARNING gateway.run: kanban notifier tick failed: no such table: kanban_notify_subs
2026-07-15 13:55:42,345 WARNING gateway.run: kanban notifier tick failed: no such table: kanban_notify_subs
2026-07-15 13:55:47,354 WARNING gateway.run: kanban notifier tick failed: no such table: kanban_notify_subs
2026-07-15 13:55:52,364 WARNING gateway.run: kanban notifier tick failed: no such table: kanban_notify_subs
2026-07-15 13:55:57,373 WARNING gateway.run: kanban notifier tick failed: no such table: kanban_notify_subs
2026-07-15 13:56:02,381 WARNING gateway.run: kanban notifier tick failed: no such table: kanban_notify_subs
2026-07-15 13:56:07,391 WARNING gateway.run: kanban notifier tick failed: no such table: kanban_notify_subs
2026-07-15 13:56:12,401 WARNING gateway.run: kanban notifier tick failed: no such table: kanban_notify_subs
2026-07-15 13:56:17,410 WARNING gateway.run: kanban notifier tick failed: no such table: kanban_notify_subs
2026-07-15 13:56:22,420 WARNING gateway.run: kanban notifier tick failed: no such table: kanban_notify_subs
2026-07-15 13:56:27,429 WARNING gateway.run: kanban notifier tick failed: no such table: kanban_notify_subs
2026-07-15 13:56:32,438 WARNING gateway.run: kanban notifier tick failed: no such table: kanban_notify_subs
2026-07-15 13:56:34,110 ERROR gateway.run: kanban dispatcher: tick failed on board default
Traceback (most recent call last):
  File "/home/hermes/.hermes/hermes-agent/gateway/kanban_watchers.py", line 915, in _tick_once_for_board
    return _kb.dispatch_once(
           ^^^^^^^^^^^^^^^^^^
  File "/home/hermes/.hermes/hermes-agent/hermes_cli/kanban_db.py", line 6607, in dispatch_once
    return _dispatch_once_locked(
           ^^^^^^^^^^^^^^^^^^^^^^
  File "/home/hermes/.hermes/hermes-agent/hermes_cli/kanban_db.py", line 6669, in _dispatch_once_locked
    result.reclaimed = release_stale_claims(conn)
                       ^^^^^^^^^^^^^^^^^^^^^^^^^^
  File "/home/hermes/.hermes/hermes-agent/hermes_cli/kanban_db.py", line 3422, in release_stale_claims
    stale = conn.execute(
            ^^^^^^^^^^^^^
sqlite3.OperationalError: no such table: tasks
2026-07-15 13:56:37,447 WARNING gateway.run: kanban notifier tick failed: no such table: kanban_notify_subs
2026-07-15 13:56:42,456 WARNING gateway.run: kanban notifier tick failed: no such table: kanban_notify_subs
2026-07-15 13:56:47,465 WARNING gateway.run: kanban notifier tick failed: no such table: kanban_notify_subs
2026-07-15 13:56:52,475 WARNING gateway.run: kanban notifier tick failed: no such table: kanban_notify_subs
2026-07-15 13:56:57,484 WARNING gateway.run: kanban notifier tick failed: no such table: kanban_notify_subs
2026-07-15 13:57:02,493 WARNING gateway.run: kanban notifier tick failed: no such table: kanban_notify_subs
2026-07-15 13:57:07,504 WARNING gateway.run: kanban notifier tick failed: no such table: kanban_notify_subs
2026-07-15 13:57:12,513 WARNING gateway.run: kanban notifier tick failed: no such table: kanban_notify_subs
2026-07-15 13:57:17,522 WARNING gateway.run: kanban notifier tick failed: no such table: kanban_notify_subs
2026-07-15 13:57:22,531 WARNING gateway.run: kanban notifier tick failed: no such table: kanban_notify_subs
2026-07-15 13:57:27,541 WARNING gateway.run: kanban notifier tick failed: no such table: kanban_notify_subs
2026-07-15 13:57:32,550 WARNING gateway.run: kanban notifier tick failed: no such table: kanban_notify_subs
2026-07-15 13:57:34,187 ERROR gateway.run: kanban dispatcher: tick failed on board default
Traceback (most recent call last):
  File "/home/hermes/.hermes/hermes-agent/gateway/kanban_watchers.py", line 915, in _tick_once_for_board
    return _kb.dispatch_once(
           ^^^^^^^^^^^^^^^^^^
  File "/home/hermes/.hermes/hermes-agent/hermes_cli/kanban_db.py", line 6607, in dispatch_once
    return _dispatch_once_locked(
           ^^^^^^^^^^^^^^^^^^^^^^
  File "/home/hermes/.hermes/hermes-agent/hermes_cli/kanban_db.py", line 6669, in _dispatch_once_locked
    result.reclaimed = release_stale_claims(conn)
                       ^^^^^^^^^^^^^^^^^^^^^^^^^^
  File "/home/hermes/.hermes/hermes-agent/hermes_cli/kanban_db.py", line 3422, in release_stale_claims
    stale = conn.execute(
            ^^^^^^^^^^^^^
sqlite3.OperationalError: no such table: tasks
2026-07-15 13:57:37,560 WARNING gateway.run: kanban notifier tick failed: no such table: kanban_notify_subs
2026-07-15 13:57:42,569 WARNING gateway.run: kanban notifier tick failed: no such table: kanban_notify_subs
2026-07-15 13:57:47,579 WARNING gateway.run: kanban notifier tick failed: no such table: kanban_notify_subs
2026-07-15 13:57:52,588 WARNING gateway.run: kanban notifier tick failed: no such table: kanban_notify_subs
2026-07-15 13:57:57,598 WARNING gateway.run: kanban notifier tick failed: no such table: kanban_notify_subs
2026-07-15 13:58:00,689 WARNING gateway.channel_directory: Channel directory: failed to list Slack channels for team T07NCFCNCV6: The request to the Slack API failed. (url: https://slack.com/api/users.conversations, status: 200)
The server responded with: {'ok': False, 'error': 'missing_scope', 'needed': 'groups:read', 'provided': 'chat:write,chat:write.public,im:write,channels:read,reactions:read,users:read,files:write'}
2026-07-15 13:58:02,609 WARNING gateway.run: kanban notifier tick failed: no such table: kanban_notify_subs
2026-07-15 13:58:07,619 WARNING gateway.run: kanban notifier tick failed: no such table: kanban_notify_subs
2026-07-15 13:58:12,628 WARNING gateway.run: kanban notifier tick failed: no such table: kanban_notify_subs
2026-07-15 13:58:17,638 WARNING gateway.run: kanban notifier tick failed: no such table: kanban_notify_subs
2026-07-15 13:58:22,647 WARNING gateway.run: kanban notifier tick failed: no such table: kanban_notify_subs
2026-07-15 13:58:27,657 WARNING gateway.run: kanban notifier tick failed: no such table: kanban_notify_subs
2026-07-15 13:58:32,671 WARNING gateway.run: kanban notifier tick failed: no such table: kanban_notify_subs
2026-07-15 13:58:34,266 ERROR gateway.run: kanban dispatcher: tick failed on board default
Traceback (most recent call last):
  File "/home/hermes/.hermes/hermes-agent/gateway/kanban_watchers.py", line 915, in _tick_once_for_board
    return _kb.dispatch_once(
           ^^^^^^^^^^^^^^^^^^
  File "/home/hermes/.hermes/hermes-agent/hermes_cli/kanban_db.py", line 6607, in dispatch_once
    return _dispatch_once_locked(
           ^^^^^^^^^^^^^^^^^^^^^^
  File "/home/hermes/.hermes/hermes-agent/hermes_cli/kanban_db.py", line 6669, in _dispatch_once_locked
    result.reclaimed = release_stale_claims(conn)
                       ^^^^^^^^^^^^^^^^^^^^^^^^^^
  File "/home/hermes/.hermes/hermes-agent/hermes_cli/kanban_db.py", line 3422, in release_stale_claims
    stale = conn.execute(
            ^^^^^^^^^^^^^
sqlite3.OperationalError: no such table: tasks
2026-07-15 13:58:37,681 WARNING gateway.run: kanban notifier tick failed: no such table: kanban_notify_subs
2026-07-15 13:58:42,691 WARNING gateway.run: kanban notifier tick failed: no such table: kanban_notify_subs
2026-07-15 13:58:47,704 WARNING gateway.run: kanban notifier tick failed: no such table: kanban_notify_subs
2026-07-15 13:58:52,713 WARNING gateway.run: kanban notifier tick failed: no such table: kanban_notify_subs
2026-07-15 13:58:57,722 WARNING gateway.run: kanban notifier tick failed: no such table: kanban_notify_subs
2026-07-15 13:59:02,732 WARNING gateway.run: kanban notifier tick failed: no such table: kanban_notify_subs
2026-07-15 13:59:07,743 WARNING gateway.run: kanban notifier tick failed: no such table: kanban_notify_subs
2026-07-15 13:59:12,753 WARNING gateway.run: kanban notifier tick failed: no such table: kanban_notify_subs
2026-07-15 13:59:17,762 WARNING gateway.run: kanban notifier tick failed: no such table: kanban_notify_subs
2026-07-15 13:59:22,770 WARNING gateway.run: kanban notifier tick failed: no such table: kanban_notify_subs
2026-07-15 13:59:27,778 WARNING gateway.run: kanban notifier tick failed: no such table: kanban_notify_subs
2026-07-15 13:59:32,787 WARNING gateway.run: kanban notifier tick failed: no such table: kanban_notify_subs
2026-07-15 13:59:34,343 ERROR gateway.run: kanban dispatcher: tick failed on board default
Traceback (most recent call last):
  File "/home/hermes/.hermes/hermes-agent/gateway/kanban_watchers.py", line 915, in _tick_once_for_board
    return _kb.dispatch_once(
           ^^^^^^^^^^^^^^^^^^
  File "/home/hermes/.hermes/hermes-agent/hermes_cli/kanban_db.py", line 6607, in dispatch_once
    return _dispatch_once_locked(
           ^^^^^^^^^^^^^^^^^^^^^^
  File "/home/hermes/.hermes/hermes-agent/hermes_cli/kanban_db.py", line 6669, in _dispatch_once_locked
    result.reclaimed = release_stale_claims(conn)
                       ^^^^^^^^^^^^^^^^^^^^^^^^^^
  File "/home/hermes/.hermes/hermes-agent/hermes_cli/kanban_db.py", line 3422, in release_stale_claims
    stale = conn.execute(
            ^^^^^^^^^^^^^
sqlite3.OperationalError: no such table: tasks
2026-07-15 13:59:37,797 WARNING gateway.run: kanban notifier tick failed: no such table: kanban_notify_subs
2026-07-15 13:59:42,806 WARNING gateway.run: kanban notifier tick failed: no such table: kanban_notify_subs
2026-07-15 13:59:47,815 WARNING gateway.run: kanban notifier tick failed: no such table: kanban_notify_subs
2026-07-15 13:59:52,825 WARNING gateway.run: kanban notifier tick failed: no such table: kanban_notify_subs
2026-07-15 13:59:57,835 WARNING gateway.run: kanban notifier tick failed: no such table: kanban_notify_subs
2026-07-15 14:00:02,844 WARNING gateway.run: kanban notifier tick failed: no such table: kanban_notify_subs
2026-07-15 14:00:07,852 WARNING gateway.run: kanban notifier tick failed: no such table: kanban_notify_subs
2026-07-15 14:00:12,861 WARNING gateway.run: kanban notifier tick failed: no such table: kanban_notify_subs
2026-07-15 14:00:17,873 WARNING gateway.run: kanban notifier tick failed: no such table: kanban_notify_subs
2026-07-15 14:00:22,886 WARNING gateway.run: kanban notifier tick failed: no such table: kanban_notify_subs
2026-07-15 14:00:27,895 WARNING gateway.run: kanban notifier tick failed: no such table: kanban_notify_subs
2026-07-15 14:00:32,903 WARNING gateway.run: kanban notifier tick failed: no such table: kanban_notify_subs
2026-07-15 14:00:34,423 ERROR gateway.run: kanban dispatcher: tick failed on board default
Traceback (most recent call last):
  File "/home/hermes/.hermes/hermes-agent/gateway/kanban_watchers.py", line 915, in _tick_once_for_board
    return _kb.dispatch_once(
           ^^^^^^^^^^^^^^^^^^
  File "/home/hermes/.hermes/hermes-agent/hermes_cli/kanban_db.py", line 6607, in dispatch_once
    return _dispatch_once_locked(
           ^^^^^^^^^^^^^^^^^^^^^^
  File "/home/hermes/.hermes/hermes-agent/hermes_cli/kanban_db.py", line 6669, in _dispatch_once_locked
    result.reclaimed = release_stale_claims(conn)
                       ^^^^^^^^^^^^^^^^^^^^^^^^^^
  File "/home/hermes/.hermes/hermes-agent/hermes_cli/kanban_db.py", line 3422, in release_stale_claims
    stale = conn.execute(
            ^^^^^^^^^^^^^
sqlite3.OperationalError: no such table: tasks
2026-07-15 14:00:37,914 WARNING gateway.run: kanban notifier tick failed: no such table: kanban_notify_subs
2026-07-15 14:00:42,924 WARNING gateway.run: kanban notifier tick failed: no such table: kanban_notify_subs
2026-07-15 14:00:47,934 WARNING gateway.run: kanban notifier tick failed: no such table: kanban_notify_subs
2026-07-15 14:00:52,944 WARNING gateway.run: kanban notifier tick failed: no such table: kanban_notify_subs
2026-07-15 14:00:57,953 WARNING gateway.run: kanban notifier tick failed: no such table: kanban_notify_subs
2026-07-15 14:01:02,963 WARNING gateway.run: kanban notifier tick failed: no such table: kanban_notify_subs
2026-07-15 14:01:07,972 WARNING gateway.run: kanban notifier tick failed: no such table: kanban_notify_subs
2026-07-15 14:01:12,981 WARNING gateway.run: kanban notifier tick failed: no such table: kanban_notify_subs
2026-07-15 14:01:17,990 WARNING gateway.run: kanban notifier tick failed: no such table: kanban_notify_subs
2026-07-15 14:01:23,000 WARNING gateway.run: kanban notifier tick failed: no such table: kanban_notify_subs
2026-07-15 14:01:28,007 WARNING gateway.run: kanban notifier tick failed: no such table: kanban_notify_subs
2026-07-15 14:01:33,016 WARNING gateway.run: kanban notifier tick failed: no such table: kanban_notify_subs
2026-07-15 14:01:34,499 ERROR gateway.run: kanban dispatcher: tick failed on board default
Traceback (most recent call last):
  File "/home/hermes/.hermes/hermes-agent/gateway/kanban_watchers.py", line 915, in _tick_once_for_board
    return _kb.dispatch_once(
           ^^^^^^^^^^^^^^^^^^
  File "/home/hermes/.hermes/hermes-agent/hermes_cli/kanban_db.py", line 6607, in dispatch_once
    return _dispatch_once_locked(
           ^^^^^^^^^^^^^^^^^^^^^^
  File "/home/hermes/.hermes/hermes-agent/hermes_cli/kanban_db.py", line 6669, in _dispatch_once_locked
    result.reclaimed = release_stale_claims(conn)
                       ^^^^^^^^^^^^^^^^^^^^^^^^^^
  File "/home/hermes/.hermes/hermes-agent/hermes_cli/kanban_db.py", line 3422, in release_stale_claims
    stale = conn.execute(
            ^^^^^^^^^^^^^
sqlite3.OperationalError: no such table: tasks
2026-07-15 14:01:38,026 WARNING gateway.run: kanban notifier tick failed: no such table: kanban_notify_subs
2026-07-15 14:01:43,036 WARNING gateway.run: kanban notifier tick failed: no such table: kanban_notify_subs
2026-07-15 14:01:48,045 WARNING gateway.run: kanban notifier tick failed: no such table: kanban_notify_subs
2026-07-15 14:01:53,056 WARNING gateway.run: kanban notifier tick failed: no such table: kanban_notify_subs
2026-07-15 14:01:58,067 WARNING gateway.run: kanban notifier tick failed: no such table: kanban_notify_subs
2026-07-15 14:02:03,077 WARNING gateway.run: kanban notifier tick failed: no such table: kanban_notify_subs
2026-07-15 14:02:08,088 WARNING gateway.run: kanban notifier tick failed: no such table: kanban_notify_subs
2026-07-15 14:02:13,098 WARNING gateway.run: kanban notifier tick failed: no such table: kanban_notify_subs
2026-07-15 14:02:18,109 WARNING gateway.run: kanban notifier tick failed: no such table: kanban_notify_subs
2026-07-15 14:02:23,121 WARNING gateway.run: kanban notifier tick failed: no such table: kanban_notify_subs
2026-07-15 14:02:28,133 WARNING gateway.run: kanban notifier tick failed: no such table: kanban_notify_subs
